[debug] [2021-11-18T02:11:20.920Z] ----------------------------------------------------------------------
[debug] [2021-11-18T02:11:20.923Z] Command:       C:\Program Files\nodejs\node.exe C:\Users\taroc\AppData\Roaming\npm\node_modules\firebase-tools\lib\bin\firebase.js init
[debug] [2021-11-18T02:11:20.923Z] CLI Version:   9.22.0
[debug] [2021-11-18T02:11:20.924Z] Platform:      win32
[debug] [2021-11-18T02:11:20.924Z] Node Version:  v14.17.6
[debug] [2021-11-18T02:11:20.925Z] Time:          Thu Nov 18 2021 11:11:20 GMT+0900 (日本標準時)
[debug] [2021-11-18T02:11:20.926Z] ----------------------------------------------------------------------
[debug] 
[debug] [2021-11-18T02:11:20.929Z] >>> [apiv2][query] GET https://firebase-public.firebaseio.com/cli.json [none]
[debug] [2021-11-18T02:11:20.965Z] > command requires scopes: ["email","openid","https://www.googleapis.com/auth/cloudplatformprojects.readonly","https://www.googleapis.com/auth/firebase","https://www.googleapis.com/auth/cloud-platform"]
[debug] [2021-11-18T02:11:20.966Z] > authorizing via signed-in user (tarochan319@gmail.com)
[info] 
     ######## #### ########  ######## ########     ###     ######  ########
     ##        ##  ##     ## ##       ##     ##  ##   ##  ##       ##
     ######    ##  ########  ######   ########  #########  ######  ######
     ##        ##  ##    ##  ##       ##     ## ##     ##       ## ##
     ##       #### ##     ## ######## ########  ##     ##  ######  ########

You're about to initialize a Firebase project in this directory:

  C:\Users\taroc\OneDrive\デスクトップ\kodera\ISENTI\tabisuru_koromo

[debug] [2021-11-18T02:11:21.757Z] <<< [apiv2][status] GET https://firebase-public.firebaseio.com/cli.json 200
[debug] [2021-11-18T02:11:21.758Z] <<< [apiv2][body] GET https://firebase-public.firebaseio.com/cli.json {"cloudBuildErrorAfter":1594252800000,"cloudBuildWarnAfter":1590019200000,"defaultNode10After":1594252800000,"minVersion":"3.0.5","node8DeploysDisabledAfter":1613390400000,"node8RuntimeDisabledAfter":1615809600000,"node8WarnAfter":1600128000000}
[info] 
=== Project Setup
[info] 
[info] First, let's associate this project directory with a Firebase project.
[info] You can create multiple project aliases by running firebase use --add, 
[info] but for now we'll just set up a default project.
[info] 
[debug] [2021-11-18T02:12:55.891Z] > refreshing access token with scopes: []
[debug] [2021-11-18T02:12:55.893Z] >>> HTTP REQUEST POST https://www.googleapis.com/oauth2/v3/token  
 <request body omitted>
[debug] [2021-11-18T02:12:56.370Z] <<< HTTP RESPONSE 200 {"cache-control":"no-cache, no-store, max-age=0, must-revalidate","date":"Thu, 18 Nov 2021 02:12:54 GMT","expires":"Mon, 01 Jan 1990 00:00:00 GMT","pragma":"no-cache","content-type":"application/json; charset=utf-8","vary":"X-Origin, Referer, Origin,Accept-Encoding","server":"scaffolding on HTTPServer2","x-xss-protection":"0","x-frame-options":"SAMEORIGIN","x-content-type-options":"nosniff","alt-svc":"h3=\":443\"; ma=2592000,h3-29=\":443\"; ma=2592000,h3-Q050=\":443\"; ma=2592000,h3-Q046=\":443\"; ma=2592000,h3-Q043=\":443\"; ma=2592000,quic=\":443\"; ma=2592000; v=\"46,43\"","accept-ranges":"none","transfer-encoding":"chunked"}
[debug] [2021-11-18T02:12:56.407Z] >>> [apiv2][query] GET https://firebase.googleapis.com/v1beta1/projects pageSize=100
[debug] [2021-11-18T02:12:57.916Z] <<< [apiv2][status] GET https://firebase.googleapis.com/v1beta1/projects 200
[debug] [2021-11-18T02:12:57.917Z] <<< [apiv2][body] GET https://firebase.googleapis.com/v1beta1/projects [omitted]
[info] i  Using project tabisurukoromo-61d63 (TabisuruKoromo) 
[info] 
=== Hosting Setup
[info] 
[info] Your public directory is the folder (relative to your project directory) that
[info] will contain Hosting assets to be uploaded with firebase deploy. If you
[info] have a build process for your assets, use your build's output directory.
[info] 
[info] +  Wrote public/404.html 
[debug] [2021-11-18T02:21:02.706Z] >>> [apiv2][query] GET https://www.gstatic.com/firebasejs/releases.json [none]
[debug] [2021-11-18T02:21:02.967Z] <<< [apiv2][status] GET https://www.gstatic.com/firebasejs/releases.json 200
[debug] [2021-11-18T02:21:02.968Z] <<< [apiv2][body] GET https://www.gstatic.com/firebasejs/releases.json {"current":{"version":"9.4.1","browserURL":"https://www.gstatic.com/firebasejs/9.4.1/firebase.js","packageURL":"https://www.gstatic.com/firebasejs/9.4.1/firebase.tgz"},"live":{"version":"9.4","browserURL":"https://www.gstatic.com/firebasejs/live/9.4/firebase.js","packageURL":"https://www.gstatic.com/firebasejs/live/9.4/firebase.tgz"},"components":{"analytics":"https://www.gstatic.com/firebasejs/9.4.1/firebase-analytics.js","app":"https://www.gstatic.com/firebasejs/9.4.1/firebase-app.js","app-check":"https://www.gstatic.com/firebasejs/9.4.1/firebase-app-check.js","auth":"https://www.gstatic.com/firebasejs/9.4.1/firebase-auth.js","auth/cordova":"https://www.gstatic.com/firebasejs/9.4.1/firebase-auth/cordova.js","auth/react-native":"https://www.gstatic.com/firebasejs/9.4.1/firebase-auth/react-native.js","functions":"https://www.gstatic.com/firebasejs/9.4.1/firebase-functions.js","firestore":"https://www.gstatic.com/firebasejs/9.4.1/firebase-firestore.js","firestore/lite":"https://www.gstatic.com/firebasejs/9.4.1/firebase-firestore/lite.js","storage":"https://www.gstatic.com/firebasejs/9.4.1/firebase-storage.js","performance":"https://www.gstatic.com/firebasejs/9.4.1/firebase-performance.js","remote-config":"https://www.gstatic.com/firebasejs/9.4.1/firebase-remote-config.js","messaging":"https://www.gstatic.com/firebasejs/9.4.1/firebase-messaging.js","messaging/sw":"https://www.gstatic.com/firebasejs/9.4.1/firebase-messaging/sw.js","database":"https://www.gstatic.com/firebasejs/9.4.1/firebase-database.js","firestore.memory":"https://www.gstatic.com/firebasejs/9.4.1/firebase-firestore.memory.js"}}
[info] +  Wrote public/index.html 
[info] 
[info] i  Detected a .git folder at C:\Users\taroc\OneDrive\デスクトップ\kodera\ISENTI\tabisuru_koromo 
[info] i  Authorizing with GitHub to upload your service account to a GitHub repository's secrets store. 
[info] 
[info] Visit this URL on this device to log in:
[info] https://github.com/login/oauth/authorize?client_id=89cf50f02ac6aaed3484&state=801841552&redirect_uri=http%3A%2F%2Flocalhost%3A9005&scope=read%3Auser%20repo%20public_repo
[info] 
[info] Waiting for authentication...
[debug] [2021-11-18T02:21:19.630Z] >>> HTTP REQUEST POST https://github.com/login/oauth/access_token  
 {"client_id":"89cf50f02ac6aaed3484","client_secret":"3330d14abc895d9a74d5f17cd7a00711fa2c5bf0","code":"a9daeae527dfde13356a","redirect_uri":"http://localhost:9005","state":"801841552"}
[debug] [2021-11-18T02:21:20.098Z] <<< HTTP RESPONSE 200 {"server":"GitHub.com","date":"Thu, 18 Nov 2021 02:21:18 GMT","content-type":"application/json; charset=utf-8","transfer-encoding":"chunked","vary":"X-PJAX, X-PJAX-Container, Accept-Encoding, Accept, X-Requested-With","permissions-policy":"interest-cohort=()","etag":"W/\"8edc238c526215e9727e4b88e20acd91\"","cache-control":"max-age=0, private, must-revalidate","strict-transport-security":"max-age=31536000; includeSubdomains; preload","x-frame-options":"deny","x-content-type-options":"nosniff","x-xss-protection":"0","referrer-policy":"origin-when-cross-origin, strict-origin-when-cross-origin","expect-ct":"max-age=2592000, report-uri=\"https://api.github.com/_private/browser/errors\"","content-security-policy":"default-src 'none'; base-uri 'self'; block-all-mixed-content; child-src github.com/assets-cdn/worker/ gist.github.com/assets-cdn/worker/; connect-src 'self' uploads.github.com objects-origin.githubusercontent.com www.githubstatus.com collector.githubapp.com api.github.com github-cloud.s3.amazonaws.com github-production-repository-file-5c1aeb.s3.amazonaws.com github-production-upload-manifest-file-7fdce7.s3.amazonaws.com github-production-user-asset-6210df.s3.amazonaws.com cdn.optimizely.com logx.optimizely.com/v1/events translator.github.com wss://alive.github.com; font-src github.githubassets.com; form-action 'self' github.com gist.github.com objects-origin.githubusercontent.com; frame-ancestors 'none'; frame-src render.githubusercontent.com viewscreen.githubusercontent.com notebooks.githubusercontent.com; img-src 'self' data: github.githubassets.com identicons.github.com collector.githubapp.com github-cloud.s3.amazonaws.com secured-user-images.githubusercontent.com/ *.githubusercontent.com; manifest-src 'self'; media-src github.com user-images.githubusercontent.com/; script-src github.githubassets.com; style-src 'unsafe-inline' github.githubassets.com; worker-src github.com/assets-cdn/worker/ gist.github.com/assets-cdn/worker/","x-github-request-id":"E58B:5E0C:7B580E:A5B42F:6195B89D"}
[debug] [2021-11-18T02:21:20.107Z] >>> [apiv2][query] GET https://api.github.com/user [none]
[debug] [2021-11-18T02:21:20.550Z] <<< [apiv2][status] GET https://api.github.com/user 200
[debug] [2021-11-18T02:21:20.550Z] <<< [apiv2][body] GET https://api.github.com/user {"login":"tarochan319","id":83737522,"node_id":"MDQ6VXNlcjgzNzM3NTIy","avatar_url":"https://avatars.githubusercontent.com/u/83737522?v=4","gravatar_id":"","url":"https://api.github.com/users/tarochan319","html_url":"https://github.com/tarochan319","followers_url":"https://api.github.com/users/tarochan319/followers","following_url":"https://api.github.com/users/tarochan319/following{/other_user}","gists_url":"https://api.github.com/users/tarochan319/gists{/gist_id}","starred_url":"https://api.github.com/users/tarochan319/starred{/owner}{/repo}","subscriptions_url":"https://api.github.com/users/tarochan319/subscriptions","organizations_url":"https://api.github.com/users/tarochan319/orgs","repos_url":"https://api.github.com/users/tarochan319/repos","events_url":"https://api.github.com/users/tarochan319/events{/privacy}","received_events_url":"https://api.github.com/users/tarochan319/received_events","type":"User","site_admin":false,"name":"kodera","company":null,"blog":"","location":null,"email":null,"hireable":null,"bio":null,"twitter_username":null,"public_repos":1,"public_gists":0,"followers":2,"following":2,"created_at":"2021-05-06T00:44:07Z","updated_at":"2021-09-19T13:22:04Z","private_gists":0,"total_private_repos":0,"owned_private_repos":0,"disk_usage":171,"collaborators":0,"two_factor_authentication":false,"plan":{"name":"free","space":976562499,"collaborators":0,"private_repos":10000}}
[info] 
[info] +  Success! Logged into GitHub as tarochan319 
[info] 
[debug] [2021-11-18T02:22:32.907Z] >>> [apiv2][query] GET https://api.github.com/repos//actions/secrets/public-key type=owner
[debug] [2021-11-18T02:22:33.310Z] <<< [apiv2][status] GET https://api.github.com/repos//actions/secrets/public-key 404
[debug] [2021-11-18T02:22:33.310Z] <<< [apiv2][body] GET https://api.github.com/repos//actions/secrets/public-key {"message":"Not Found","documentation_url":"https://docs.github.com/rest"}
[debug] [2021-11-18T02:22:36.897Z] >>> [apiv2][query] GET https://api.github.com/repos//actions/secrets/public-key type=owner
[debug] [2021-11-18T02:22:37.172Z] <<< [apiv2][status] GET https://api.github.com/repos//actions/secrets/public-key 404
[debug] [2021-11-18T02:22:37.173Z] <<< [apiv2][body] GET https://api.github.com/repos//actions/secrets/public-key {"message":"Not Found","documentation_url":"https://docs.github.com/rest"}
[debug] [2021-11-18T02:22:43.000Z] >>> [apiv2][query] GET https://api.github.com/repos//actions/secrets/public-key type=owner
[debug] [2021-11-18T02:22:43.264Z] <<< [apiv2][status] GET https://api.github.com/repos//actions/secrets/public-key 404
[debug] [2021-11-18T02:22:43.264Z] <<< [apiv2][body] GET https://api.github.com/repos//actions/secrets/public-key {"message":"Not Found","documentation_url":"https://docs.github.com/rest"}
[debug] [2021-11-18T02:27:00.569Z] >>> [apiv2][query] GET https://api.github.com/repos//actions/secrets/public-key type=owner
[debug] [2021-11-18T02:27:00.952Z] <<< [apiv2][status] GET https://api.github.com/repos//actions/secrets/public-key 404
[debug] [2021-11-18T02:27:00.952Z] <<< [apiv2][body] GET https://api.github.com/repos//actions/secrets/public-key {"message":"Not Found","documentation_url":"https://docs.github.com/rest"}
[debug] [2021-11-18T02:27:02.529Z] >>> [apiv2][query] GET https://api.github.com/repos//actions/secrets/public-key type=owner
[debug] [2021-11-18T02:27:02.796Z] <<< [apiv2][status] GET https://api.github.com/repos//actions/secrets/public-key 404
[debug] [2021-11-18T02:27:02.796Z] <<< [apiv2][body] GET https://api.github.com/repos//actions/secrets/public-key {"message":"Not Found","documentation_url":"https://docs.github.com/rest"}
[debug] [2021-11-18T02:39:26.967Z] >>> [apiv2][query] GET https://api.github.com/repos/exit/actions/secrets/public-key type=owner
[debug] [2021-11-18T02:39:27.523Z] <<< [apiv2][status] GET https://api.github.com/repos/exit/actions/secrets/public-key 404
[debug] [2021-11-18T02:39:27.524Z] <<< [apiv2][body] GET https://api.github.com/repos/exit/actions/secrets/public-key {"message":"Not Found","documentation_url":"https://docs.github.com/rest"}
[debug] [2021-11-18T02:39:34.298Z] >>> [apiv2][query] GET https://api.github.com/repos/exit/actions/secrets/public-key type=owner
[debug] [2021-11-18T02:39:34.795Z] <<< [apiv2][status] GET https://api.github.com/repos/exit/actions/secrets/public-key 404
[debug] [2021-11-18T02:39:34.796Z] <<< [apiv2][body] GET https://api.github.com/repos/exit/actions/secrets/public-key {"message":"Not Found","documentation_url":"https://docs.github.com/rest"}
